<?xml version="1.0" encoding="UTF-8"?>
<!-- Generated by org.testng.reporters.JUnitReportReporter -->
<testsuite hostname="DESKTOP-UM27RTG" failures="0" tests="1" name="testcases.FirstTestFW" time="13.478" errors="0" timestamp="2022-05-22T14:13:59 SAST" skipped="0">
  <testcase classname="testcases.FirstTestFW" name="LoginTest" time="13.478"/>
  <system-out/>
</testsuite> <!-- testcases.FirstTestFW -->
