<?xml version="1.0" encoding="UTF-8"?>
<!-- Generated by org.testng.reporters.JUnitReportReporter -->
<testsuite hostname="DESKTOP-UM27RTG" failures="0" tests="1" name="testcases.RegistrationTest" time="21.316" errors="0" timestamp="2022-05-24T11:04:38 SAST" skipped="0">
  <testcase classname="testcases.RegistrationTest" name="Registration" time="21.316"/>
  <system-out/>
</testsuite> <!-- testcases.RegistrationTest -->
